2026-03-15 18:20:49,003 [INFO] rf_inference: Connected to aggregator @ ws://localhost:3000/ws
2026-03-15 18:21:42,102 [INFO] rf_inference: Connected to aggregator @ ws://localhost:3000/ws
2026-03-15 18:22:36,179 [INFO] rf_inference: Connected to aggregator @ ws://localhost:3000/ws
2026-03-15 18:23:18,255 [INFO] rf_inference: UI client connected. Total: 1
2026-03-15 18:23:32,247 [INFO] rf_inference: Connected to aggregator @ ws://localhost:3000/ws
2026-03-15 18:24:32,341 [INFO] rf_inference: Connected to aggregator @ ws://localhost:3000/ws
2026-03-15 18:25:22,355 [ERROR] rf_inference: Aggregator WS exhausted all retries! Connection failed: RetryError[<Future at 0x1e185a008a0 state=finished raised ConnectionClosedError>]. Rebounding in 10s...
2026-03-15 18:25:34,400 [INFO] rf_inference: Connected to aggregator @ ws://localhost:3000/ws
2026-03-15 18:25:48,896 [INFO] rf_inference: UI client disconnected. Total: 0
2026-03-15 18:25:49,625 [INFO] rf_inference: UI client connected. Total: 1
2026-03-15 18:26:27,491 [INFO] rf_inference: Connected to aggregator @ ws://localhost:3000/ws
2026-03-15 18:27:21,592 [INFO] rf_inference: Connected to aggregator @ ws://localhost:3000/ws
2026-03-15 18:28:17,676 [INFO] rf_inference: Connected to aggregator @ ws://localhost:3000/ws
2026-03-15 18:29:17,747 [INFO] rf_inference: Connected to aggregator @ ws://localhost:3000/ws
2026-03-15 18:30:07,783 [ERROR] rf_inference: Aggregator WS exhausted all retries! Connection failed: RetryError[<Future at 0x1e185a2ca50 state=finished raised ConnectionClosedError>]. Rebounding in 10s...
2026-03-15 18:30:19,837 [INFO] rf_inference: Connected to aggregator @ ws://localhost:3000/ws
2026-03-15 18:31:12,923 [INFO] rf_inference: Connected to aggregator @ ws://localhost:3000/ws
2026-03-15 18:32:07,005 [INFO] rf_inference: Connected to aggregator @ ws://localhost:3000/ws
2026-03-15 18:33:03,085 [INFO] rf_inference: Connected to aggregator @ ws://localhost:3000/ws
2026-03-15 18:34:03,173 [INFO] rf_inference: Connected to aggregator @ ws://localhost:3000/ws
2026-03-15 18:34:53,194 [ERROR] rf_inference: Aggregator WS exhausted all retries! Connection failed: RetryError[<Future at 0x1e185a14050 state=finished raised ConnectionClosedError>]. Rebounding in 10s...
2026-03-15 18:35:05,240 [INFO] rf_inference: Connected to aggregator @ ws://localhost:3000/ws
2026-03-15 18:35:58,346 [INFO] rf_inference: Connected to aggregator @ ws://localhost:3000/ws
2026-03-15 18:36:52,444 [INFO] rf_inference: Connected to aggregator @ ws://localhost:3000/ws
2026-03-15 18:37:48,489 [INFO] rf_inference: Connected to aggregator @ ws://localhost:3000/ws
2026-03-15 18:38:48,576 [INFO] rf_inference: Connected to aggregator @ ws://localhost:3000/ws
2026-03-15 18:39:38,615 [ERROR] rf_inference: Aggregator WS exhausted all retries! Connection failed: RetryError[<Future at 0x1e1859fc0f0 state=finished raised ConnectionClosedError>]. Rebounding in 10s...
2026-03-15 18:39:50,671 [INFO] rf_inference: Connected to aggregator @ ws://localhost:3000/ws
2026-03-15 18:40:43,742 [INFO] rf_inference: Connected to aggregator @ ws://localhost:3000/ws
2026-03-15 18:41:37,863 [INFO] rf_inference: Connected to aggregator @ ws://localhost:3000/ws
2026-03-15 18:42:33,949 [INFO] rf_inference: Connected to aggregator @ ws://localhost:3000/ws
2026-03-15 18:43:34,035 [INFO] rf_inference: Connected to aggregator @ ws://localhost:3000/ws
2026-03-15 18:44:24,066 [ERROR] rf_inference: Aggregator WS exhausted all retries! Connection failed: RetryError[<Future at 0x1e1859f27d0 state=finished raised ConnectionClosedError>]. Rebounding in 10s...
2026-03-15 18:44:36,115 [INFO] rf_inference: Connected to aggregator @ ws://localhost:3000/ws
2026-03-15 18:45:29,201 [INFO] rf_inference: Connected to aggregator @ ws://localhost:3000/ws
2026-03-15 18:46:23,280 [INFO] rf_inference: Connected to aggregator @ ws://localhost:3000/ws
2026-03-15 18:47:19,380 [INFO] rf_inference: Connected to aggregator @ ws://localhost:3000/ws
2026-03-15 18:48:19,476 [INFO] rf_inference: Connected to aggregator @ ws://localhost:3000/ws
2026-03-15 18:49:09,493 [ERROR] rf_inference: Aggregator WS exhausted all retries! Connection failed: RetryError[<Future at 0x1e1859c6150 state=finished raised ConnectionClosedError>]. Rebounding in 10s...
2026-03-15 18:49:21,551 [INFO] rf_inference: Connected to aggregator @ ws://localhost:3000/ws
2026-03-15 18:50:14,627 [INFO] rf_inference: Connected to aggregator @ ws://localhost:3000/ws
2026-03-15 18:51:08,708 [INFO] rf_inference: Connected to aggregator @ ws://localhost:3000/ws
2026-03-15 18:52:04,800 [INFO] rf_inference: Connected to aggregator @ ws://localhost:3000/ws
2026-03-15 18:53:04,879 [INFO] rf_inference: Connected to aggregator @ ws://localhost:3000/ws
2026-03-15 18:53:54,901 [ERROR] rf_inference: Aggregator WS exhausted all retries! Connection failed: RetryError[<Future at 0x1e1859c51d0 state=finished raised ConnectionClosedError>]. Rebounding in 10s...
2026-03-15 18:54:06,978 [INFO] rf_inference: Connected to aggregator @ ws://localhost:3000/ws
2026-03-15 18:55:00,062 [INFO] rf_inference: Connected to aggregator @ ws://localhost:3000/ws
2026-03-15 18:55:54,146 [INFO] rf_inference: Connected to aggregator @ ws://localhost:3000/ws
2026-03-15 18:56:50,227 [INFO] rf_inference: Connected to aggregator @ ws://localhost:3000/ws
2026-03-15 18:57:50,331 [INFO] rf_inference: Connected to aggregator @ ws://localhost:3000/ws
2026-03-15 18:58:40,357 [ERROR] rf_inference: Aggregator WS exhausted all retries! Connection failed: RetryError[<Future at 0x1e1859f0f50 state=finished raised ConnectionClosedError>]. Rebounding in 10s...
2026-03-15 18:58:52,418 [INFO] rf_inference: Connected to aggregator @ ws://localhost:3000/ws
2026-03-15 18:59:45,498 [INFO] rf_inference: Connected to aggregator @ ws://localhost:3000/ws
2026-03-15 19:00:39,562 [INFO] rf_inference: Connected to aggregator @ ws://localhost:3000/ws
2026-03-15 19:01:35,639 [INFO] rf_inference: Connected to aggregator @ ws://localhost:3000/ws
2026-03-15 19:02:35,718 [INFO] rf_inference: Connected to aggregator @ ws://localhost:3000/ws
2026-03-15 19:03:25,748 [ERROR] rf_inference: Aggregator WS exhausted all retries! Connection failed: RetryError[<Future at 0x1e1859c74d0 state=finished raised ConnectionClosedError>]. Rebounding in 10s...
2026-03-15 19:03:37,807 [INFO] rf_inference: Connected to aggregator @ ws://localhost:3000/ws
2026-03-15 19:04:30,867 [INFO] rf_inference: Connected to aggregator @ ws://localhost:3000/ws
2026-03-15 19:05:24,967 [INFO] rf_inference: Connected to aggregator @ ws://localhost:3000/ws
2026-03-15 19:06:21,063 [INFO] rf_inference: Connected to aggregator @ ws://localhost:3000/ws
2026-03-15 19:07:21,161 [INFO] rf_inference: Connected to aggregator @ ws://localhost:3000/ws
2026-03-15 19:08:11,189 [ERROR] rf_inference: Aggregator WS exhausted all retries! Connection failed: RetryError[<Future at 0x1e1859f17d0 state=finished raised ConnectionClosedError>]. Rebounding in 10s...
2026-03-15 19:08:23,229 [INFO] rf_inference: Connected to aggregator @ ws://localhost:3000/ws
2026-03-15 19:09:16,330 [INFO] rf_inference: Connected to aggregator @ ws://localhost:3000/ws
2026-03-15 19:10:10,384 [INFO] rf_inference: Connected to aggregator @ ws://localhost:3000/ws
2026-03-15 19:11:06,469 [INFO] rf_inference: Connected to aggregator @ ws://localhost:3000/ws
2026-03-15 19:12:06,541 [INFO] rf_inference: Connected to aggregator @ ws://localhost:3000/ws
2026-03-15 19:12:56,578 [ERROR] rf_inference: Aggregator WS exhausted all retries! Connection failed: RetryError[<Future at 0x1e1859f0ed0 state=finished raised ConnectionClosedError>]. Rebounding in 10s...
2026-03-15 19:13:08,632 [INFO] rf_inference: Connected to aggregator @ ws://localhost:3000/ws
2026-03-15 19:14:01,723 [INFO] rf_inference: Connected to aggregator @ ws://localhost:3000/ws
2026-03-15 19:14:55,816 [INFO] rf_inference: Connected to aggregator @ ws://localhost:3000/ws
2026-03-15 19:15:51,915 [INFO] rf_inference: Connected to aggregator @ ws://localhost:3000/ws
2026-03-15 19:16:52,010 [INFO] rf_inference: Connected to aggregator @ ws://localhost:3000/ws
2026-03-15 19:17:42,041 [ERROR] rf_inference: Aggregator WS exhausted all retries! Connection failed: RetryError[<Future at 0x1e1859f33d0 state=finished raised ConnectionClosedError>]. Rebounding in 10s...
2026-03-15 19:17:54,097 [INFO] rf_inference: Connected to aggregator @ ws://localhost:3000/ws
2026-03-15 19:18:47,188 [INFO] rf_inference: Connected to aggregator @ ws://localhost:3000/ws
2026-03-15 19:20:02,571 [ERROR] rf_inference: Aggregator WS exhausted all retries! Connection failed: RetryError[<Future at 0x1e1859c5550 state=finished raised ConnectionRefusedError>]. Rebounding in 10s...
2026-03-15 19:20:34,492 [INFO] rf_inference: UI client disconnected. Total: 0
2026-03-15 19:22:06,242 [INFO] rf_inference: Connected to aggregator @ ws://localhost:3000/ws
2026-03-15 19:22:08,297 [INFO] rf_inference: UI client connected. Total: 1
2026-03-15 19:22:59,324 [INFO] rf_inference: Connected to aggregator @ ws://localhost:3000/ws
2026-03-15 19:23:53,405 [INFO] rf_inference: Connected to aggregator @ ws://localhost:3000/ws
2026-03-15 19:24:49,493 [INFO] rf_inference: Connected to aggregator @ ws://localhost:3000/ws
2026-03-15 19:25:49,553 [INFO] rf_inference: Connected to aggregator @ ws://localhost:3000/ws
2026-03-15 19:26:39,578 [ERROR] rf_inference: Aggregator WS exhausted all retries! Connection failed: RetryError[<Future at 0x21c98400770 state=finished raised ConnectionClosedError>]. Rebounding in 10s...
2026-03-15 19:26:51,636 [INFO] rf_inference: Connected to aggregator @ ws://localhost:3000/ws
2026-03-15 19:27:44,713 [INFO] rf_inference: Connected to aggregator @ ws://localhost:3000/ws
2026-03-15 19:28:38,798 [INFO] rf_inference: Connected to aggregator @ ws://localhost:3000/ws
2026-03-15 19:29:34,886 [INFO] rf_inference: Connected to aggregator @ ws://localhost:3000/ws
2026-03-15 19:30:34,979 [INFO] rf_inference: Connected to aggregator @ ws://localhost:3000/ws
2026-03-15 19:31:25,003 [ERROR] rf_inference: Aggregator WS exhausted all retries! Connection failed: RetryError[<Future at 0x21c9842c950 state=finished raised ConnectionClosedError>]. Rebounding in 10s...
2026-03-15 19:31:37,060 [INFO] rf_inference: Connected to aggregator @ ws://localhost:3000/ws
2026-03-15 19:32:30,143 [INFO] rf_inference: Connected to aggregator @ ws://localhost:3000/ws
2026-03-15 19:33:24,230 [INFO] rf_inference: Connected to aggregator @ ws://localhost:3000/ws
2026-03-15 19:34:20,349 [INFO] rf_inference: Connected to aggregator @ ws://localhost:3000/ws
2026-03-15 19:35:20,434 [INFO] rf_inference: Connected to aggregator @ ws://localhost:3000/ws
2026-03-15 19:36:10,465 [ERROR] rf_inference: Aggregator WS exhausted all retries! Connection failed: RetryError[<Future at 0x21c98394a10 state=finished raised ConnectionClosedError>]. Rebounding in 10s...
2026-03-15 19:36:22,529 [INFO] rf_inference: Connected to aggregator @ ws://localhost:3000/ws
2026-03-15 19:37:15,616 [INFO] rf_inference: Connected to aggregator @ ws://localhost:3000/ws
2026-03-15 19:38:09,680 [INFO] rf_inference: Connected to aggregator @ ws://localhost:3000/ws
2026-03-15 19:39:05,773 [INFO] rf_inference: Connected to aggregator @ ws://localhost:3000/ws
2026-03-15 19:40:05,839 [INFO] rf_inference: Connected to aggregator @ ws://localhost:3000/ws
2026-03-15 19:40:55,865 [ERROR] rf_inference: Aggregator WS exhausted all retries! Connection failed: RetryError[<Future at 0x21c983e8730 state=finished raised ConnectionClosedError>]. Rebounding in 10s...
2026-03-15 19:41:07,939 [INFO] rf_inference: Connected to aggregator @ ws://localhost:3000/ws
2026-03-15 19:42:01,030 [INFO] rf_inference: Connected to aggregator @ ws://localhost:3000/ws
2026-03-15 19:42:55,111 [INFO] rf_inference: Connected to aggregator @ ws://localhost:3000/ws
2026-03-15 19:43:51,194 [INFO] rf_inference: Connected to aggregator @ ws://localhost:3000/ws
2026-03-15 19:44:51,294 [INFO] rf_inference: Connected to aggregator @ ws://localhost:3000/ws
2026-03-15 19:45:41,321 [ERROR] rf_inference: Aggregator WS exhausted all retries! Connection failed: RetryError[<Future at 0x21c983c57d0 state=finished raised ConnectionClosedError>]. Rebounding in 10s...
2026-03-15 19:45:53,365 [INFO] rf_inference: Connected to aggregator @ ws://localhost:3000/ws
2026-03-15 19:46:46,458 [INFO] rf_inference: Connected to aggregator @ ws://localhost:3000/ws
2026-03-15 19:47:40,509 [INFO] rf_inference: Connected to aggregator @ ws://localhost:3000/ws
2026-03-15 19:48:36,614 [INFO] rf_inference: Connected to aggregator @ ws://localhost:3000/ws
2026-03-15 19:49:36,703 [INFO] rf_inference: Connected to aggregator @ ws://localhost:3000/ws
2026-03-15 19:50:26,720 [ERROR] rf_inference: Aggregator WS exhausted all retries! Connection failed: RetryError[<Future at 0x21c983c7150 state=finished raised ConnectionClosedError>]. Rebounding in 10s...
2026-03-15 19:50:38,770 [INFO] rf_inference: Connected to aggregator @ ws://localhost:3000/ws
2026-03-15 19:51:31,866 [INFO] rf_inference: Connected to aggregator @ ws://localhost:3000/ws
2026-03-15 19:52:25,951 [INFO] rf_inference: Connected to aggregator @ ws://localhost:3000/ws
2026-03-15 19:53:22,042 [INFO] rf_inference: Connected to aggregator @ ws://localhost:3000/ws
2026-03-15 19:54:22,152 [INFO] rf_inference: Connected to aggregator @ ws://localhost:3000/ws
2026-03-15 19:55:12,166 [ERROR] rf_inference: Aggregator WS exhausted all retries! Connection failed: RetryError[<Future at 0x21c983c79d0 state=finished raised ConnectionClosedError>]. Rebounding in 10s...
2026-03-15 19:55:16,454 [INFO] rf_inference: UI client disconnected. Total: 0
2026-03-15 19:55:17,182 [INFO] rf_inference: UI client connected. Total: 1
2026-03-15 19:55:24,241 [INFO] rf_inference: Connected to aggregator @ ws://localhost:3000/ws
2026-03-15 19:56:17,328 [INFO] rf_inference: Connected to aggregator @ ws://localhost:3000/ws
2026-03-15 19:56:32,159 [INFO] rf_inference: UI client disconnected. Total: 0
2026-03-15 19:56:32,634 [INFO] rf_inference: UI client connected. Total: 1
2026-03-15 19:57:11,399 [INFO] rf_inference: Connected to aggregator @ ws://localhost:3000/ws
2026-03-15 19:58:07,474 [INFO] rf_inference: Connected to aggregator @ ws://localhost:3000/ws
2026-03-15 19:59:07,536 [INFO] rf_inference: Connected to aggregator @ ws://localhost:3000/ws
2026-03-15 19:59:57,562 [ERROR] rf_inference: Aggregator WS exhausted all retries! Connection failed: RetryError[<Future at 0x21c984d7ad0 state=finished raised ConnectionClosedError>]. Rebounding in 10s...
2026-03-15 20:00:09,624 [INFO] rf_inference: Connected to aggregator @ ws://localhost:3000/ws
2026-03-15 20:01:02,732 [INFO] rf_inference: Connected to aggregator @ ws://localhost:3000/ws
2026-03-15 20:01:56,818 [INFO] rf_inference: Connected to aggregator @ ws://localhost:3000/ws
2026-03-15 20:02:52,914 [INFO] rf_inference: Connected to aggregator @ ws://localhost:3000/ws
2026-03-15 20:03:52,985 [INFO] rf_inference: Connected to aggregator @ ws://localhost:3000/ws
2026-03-15 20:04:43,013 [ERROR] rf_inference: Aggregator WS exhausted all retries! Connection failed: RetryError[<Future at 0x21c98457050 state=finished raised ConnectionClosedError>]. Rebounding in 10s...
2026-03-15 20:04:55,074 [INFO] rf_inference: Connected to aggregator @ ws://localhost:3000/ws
2026-03-15 20:05:48,174 [INFO] rf_inference: Connected to aggregator @ ws://localhost:3000/ws
2026-03-15 20:05:55,142 [INFO] rf_inference: UI client disconnected. Total: 0
2026-03-15 20:05:55,699 [INFO] rf_inference: UI client connected. Total: 1
2026-03-15 20:06:18,791 [INFO] rf_inference: UI client disconnected. Total: 0
2026-03-15 20:06:19,261 [INFO] rf_inference: UI client connected. Total: 1
2026-03-15 20:06:42,255 [INFO] rf_inference: Connected to aggregator @ ws://localhost:3000/ws
2026-03-15 20:07:38,333 [INFO] rf_inference: Connected to aggregator @ ws://localhost:3000/ws
2026-03-15 20:08:38,441 [INFO] rf_inference: Connected to aggregator @ ws://localhost:3000/ws
2026-03-15 20:08:54,690 [ERROR] rf_inference: Aggregator WS exhausted all retries! Connection failed: RetryError[<Future at 0x21c98457f50 state=finished raised ConnectionClosedError>]. Rebounding in 10s...
2026-03-15 20:08:56,837 [INFO] rf_inference: UI client disconnected. Total: 0
2026-03-15 20:09:33,826 [INFO] rf_inference: Connected to aggregator @ ws://localhost:3000/ws
2026-03-15 20:09:34,035 [INFO] rf_inference: UI client connected. Total: 1
2026-03-15 20:09:36,272 [ERROR] rf_inference: Inference error during processing: list indices must be integers or slices, not str
2026-03-15 20:09:41,803 [ERROR] rf_inference: Inference error during processing: list indices must be integers or slices, not str
2026-03-15 20:09:44,463 [ERROR] rf_inference: Inference error during processing: list indices must be integers or slices, not str
2026-03-15 20:09:49,378 [ERROR] rf_inference: Inference error during processing: list indices must be integers or slices, not str
2026-03-15 20:09:51,016 [ERROR] rf_inference: Inference error during processing: list indices must be integers or slices, not str
2026-03-15 20:10:02,702 [ERROR] rf_inference: Inference error during processing: list indices must be integers or slices, not str
2026-03-15 20:10:02,913 [ERROR] rf_inference: Inference error during processing: list indices must be integers or slices, not str
2026-03-15 20:10:03,191 [ERROR] rf_inference: Inference error during processing: list indices must be integers or slices, not str
2026-03-15 20:10:03,240 [ERROR] rf_inference: Inference error during processing: list indices must be integers or slices, not str
2026-03-15 20:10:03,283 [ERROR] rf_inference: Inference error during processing: list indices must be integers or slices, not str
2026-03-15 20:10:08,046 [ERROR] rf_inference: Inference error during processing: list indices must be integers or slices, not str
2026-03-15 20:10:12,322 [ERROR] rf_inference: Inference error during processing: list indices must be integers or slices, not str
2026-03-15 20:10:26,916 [INFO] rf_inference: Connected to aggregator @ ws://localhost:3000/ws
2026-03-15 20:10:40,169 [ERROR] rf_inference: Inference error during processing: list indices must be integers or slices, not str
2026-03-15 20:10:43,443 [ERROR] rf_inference: Inference error during processing: list indices must be integers or slices, not str
2026-03-15 20:10:44,877 [ERROR] rf_inference: Inference error during processing: list indices must be integers or slices, not str
2026-03-15 20:11:20,979 [INFO] rf_inference: Connected to aggregator @ ws://localhost:3000/ws
2026-03-15 20:11:22,562 [ERROR] rf_inference: Inference error during processing: list indices must be integers or slices, not str
2026-03-15 20:12:17,053 [INFO] rf_inference: Connected to aggregator @ ws://localhost:3000/ws
2026-03-15 20:12:24,741 [INFO] rf_inference: UI client disconnected. Total: 0
2026-03-15 20:12:25,385 [INFO] rf_inference: UI client connected. Total: 1
2026-03-15 20:12:35,581 [INFO] rf_inference: UI client disconnected. Total: 0
2026-03-15 20:12:58,700 [INFO] rf_inference: UI client connected. Total: 1
2026-03-15 20:13:00,654 [INFO] rf_inference: Connected to aggregator @ ws://localhost:3000/ws
2026-03-15 20:13:53,748 [INFO] rf_inference: Connected to aggregator @ ws://localhost:3000/ws
2026-03-15 20:14:47,858 [INFO] rf_inference: Connected to aggregator @ ws://localhost:3000/ws
2026-03-15 20:15:43,961 [INFO] rf_inference: Connected to aggregator @ ws://localhost:3000/ws
2026-03-15 20:16:10,656 [INFO] rf_inference: UI client disconnected. Total: 0
2026-03-15 20:16:11,221 [INFO] rf_inference: UI client connected. Total: 1
2026-03-15 20:16:44,059 [INFO] rf_inference: Connected to aggregator @ ws://localhost:3000/ws
2026-03-15 20:17:34,082 [ERROR] rf_inference: Aggregator WS exhausted all retries! Connection failed: RetryError[<Future at 0x2d309b0c8a0 state=finished raised ConnectionClosedError>]. Rebounding in 10s...
2026-03-15 20:17:46,151 [INFO] rf_inference: Connected to aggregator @ ws://localhost:3000/ws
2026-03-15 20:18:39,240 [INFO] rf_inference: Connected to aggregator @ ws://localhost:3000/ws
2026-03-15 20:19:12,557 [INFO] rf_inference: UI client disconnected. Total: 0
2026-03-15 20:19:13,122 [INFO] rf_inference: UI client connected. Total: 1
2026-03-15 20:19:23,863 [INFO] rf_inference: UI client disconnected. Total: 0
2026-03-15 20:19:24,328 [INFO] rf_inference: UI client connected. Total: 1
2026-03-15 20:19:33,319 [INFO] rf_inference: Connected to aggregator @ ws://localhost:3000/ws
2026-03-15 20:20:23,156 [ERROR] rf_inference: Aggregator WS exhausted all retries! Connection failed: RetryError[<Future at 0x2d309a47c50 state=finished raised ConnectionRefusedError>]. Rebounding in 10s...
2026-03-15 20:21:08,675 [ERROR] rf_inference: Aggregator WS exhausted all retries! Connection failed: RetryError[<Future at 0x2d309a936c0 state=finished raised ConnectionRefusedError>]. Rebounding in 10s...
2026-03-15 20:21:20,737 [INFO] rf_inference: Connected to aggregator @ ws://localhost:3000/ws
2026-03-15 20:21:25,822 [INFO] rf_inference: UI client disconnected. Total: 0
2026-03-15 20:21:26,278 [INFO] rf_inference: UI client connected. Total: 1
2026-03-15 20:21:35,653 [INFO] rf_inference: UI client disconnected. Total: 0
2026-03-15 20:21:36,119 [INFO] rf_inference: UI client connected. Total: 1
2026-03-15 20:22:13,831 [INFO] rf_inference: Connected to aggregator @ ws://localhost:3000/ws
2026-03-15 20:23:07,917 [INFO] rf_inference: Connected to aggregator @ ws://localhost:3000/ws
2026-03-15 20:24:04,000 [INFO] rf_inference: Connected to aggregator @ ws://localhost:3000/ws
2026-03-15 20:24:38,374 [ERROR] rf_inference: Aggregator WS exhausted all retries! Connection failed: RetryError[<Future at 0x2d309af8230 state=finished raised ConnectionRefusedError>]. Rebounding in 10s...
2026-03-15 20:25:23,951 [ERROR] rf_inference: Aggregator WS exhausted all retries! Connection failed: RetryError[<Future at 0x2d309aee450 state=finished raised ConnectionRefusedError>]. Rebounding in 10s...
2026-03-15 20:25:47,215 [INFO] rf_inference: Connected to aggregator @ ws://localhost:3000/ws
2026-03-15 20:25:58,657 [INFO] rf_inference: UI client disconnected. Total: 0
2026-03-15 20:25:59,244 [INFO] rf_inference: UI client connected. Total: 1
2026-03-15 20:26:43,306 [INFO] rf_inference: Connected to aggregator @ ws://localhost:3000/ws
2026-03-15 20:27:43,375 [INFO] rf_inference: Connected to aggregator @ ws://localhost:3000/ws
2026-03-15 20:28:25,893 [INFO] rf_inference: UI client disconnected. Total: 0
